2022-12-02 14:45:20,484 CRIT Supervisor is running as root.  Privileges were not dropped because no user is specified in the config file.  If you intend to run as root, you can set user=root in the config file to avoid this message.
2022-12-02 14:45:20,490 INFO supervisord started with pid 174
2022-12-02 14:45:21,495 INFO spawned: 'mqtt' with pid 193
2022-12-02 14:45:22,539 INFO success: mqtt entered RUNNING state, process has stayed up for > than 1 seconds (startsecs)
2022-12-02 14:56:29,637 CRIT Supervisor is running as root.  Privileges were not dropped because no user is specified in the config file.  If you intend to run as root, you can set user=root in the config file to avoid this message.
2022-12-02 14:56:29,662 INFO supervisord started with pid 174
2022-12-02 14:56:30,669 INFO spawned: 'mqtt' with pid 193
2022-12-02 14:56:31,739 INFO success: mqtt entered RUNNING state, process has stayed up for > than 1 seconds (startsecs)
2022-12-02 15:13:46,518 WARN received SIGHUP indicating restart request
2022-12-02 15:13:46,518 INFO waiting for mqtt to die
2022-12-02 15:13:46,598 INFO stopped: mqtt (exit status 0)
2022-12-02 15:13:46,608 CRIT Supervisor is running as root.  Privileges were not dropped because no user is specified in the config file.  If you intend to run as root, you can set user=root in the config file to avoid this message.
2022-12-02 15:13:46,609 INFO supervisord started with pid 174
2022-12-02 15:16:39,301 CRIT Supervisor is running as root.  Privileges were not dropped because no user is specified in the config file.  If you intend to run as root, you can set user=root in the config file to avoid this message.
2022-12-02 15:16:39,307 INFO supervisord started with pid 174
2022-12-02 15:28:53,743 WARN received SIGHUP indicating restart request
2022-12-02 15:28:53,753 CRIT Supervisor is running as root.  Privileges were not dropped because no user is specified in the config file.  If you intend to run as root, you can set user=root in the config file to avoid this message.
2022-12-02 15:28:53,762 INFO supervisord started with pid 174
2022-12-02 15:28:54,770 INFO spawned: 'speech_to_text' with pid 213
2022-12-02 15:28:55,773 INFO success: speech_to_text entered RUNNING state, process has stayed up for > than 1 seconds (startsecs)
2022-12-02 15:29:20,369 WARN received SIGHUP indicating restart request
2022-12-02 15:29:20,370 INFO waiting for speech_to_text to die
2022-12-02 15:29:20,370 INFO stopped: speech_to_text (terminated by SIGTERM)
2022-12-02 15:29:20,384 CRIT Supervisor is running as root.  Privileges were not dropped because no user is specified in the config file.  If you intend to run as root, you can set user=root in the config file to avoid this message.
2022-12-02 15:29:20,385 INFO supervisord started with pid 174
2022-12-02 15:29:21,400 INFO spawned: 'speech_to_text' with pid 230
2022-12-02 15:29:21,409 INFO spawned: 'wake_word' with pid 231
2022-12-02 15:29:22,387 INFO success: speech_to_text entered RUNNING state, process has stayed up for > than 1 seconds (startsecs)
2022-12-02 15:29:22,403 INFO success: wake_word entered RUNNING state, process has stayed up for > than 1 seconds (startsecs)
2022-12-02 15:29:35,349 WARN received SIGHUP indicating restart request
2022-12-02 15:29:35,350 INFO waiting for speech_to_text, wake_word to die
2022-12-02 15:29:35,359 INFO stopped: wake_word (terminated by SIGTERM)
2022-12-02 15:29:35,362 INFO stopped: speech_to_text (terminated by SIGTERM)
2022-12-02 15:29:35,389 CRIT Supervisor is running as root.  Privileges were not dropped because no user is specified in the config file.  If you intend to run as root, you can set user=root in the config file to avoid this message.
2022-12-02 15:29:35,390 INFO supervisord started with pid 174
2022-12-02 15:29:36,398 INFO spawned: 'speech_to_text' with pid 255
2022-12-02 15:29:36,403 INFO spawned: 'wake_word' with pid 256
2022-12-02 15:29:38,325 INFO success: speech_to_text entered RUNNING state, process has stayed up for > than 1 seconds (startsecs)
2022-12-02 15:29:38,325 INFO success: wake_word entered RUNNING state, process has stayed up for > than 1 seconds (startsecs)
2022-12-02 15:29:48,511 WARN received SIGHUP indicating restart request
2022-12-02 15:29:48,512 INFO waiting for speech_to_text, wake_word to die
2022-12-02 15:29:48,516 INFO stopped: wake_word (terminated by SIGTERM)
2022-12-02 15:29:48,518 INFO stopped: speech_to_text (terminated by SIGTERM)
2022-12-02 15:29:48,533 CRIT Supervisor is running as root.  Privileges were not dropped because no user is specified in the config file.  If you intend to run as root, you can set user=root in the config file to avoid this message.
2022-12-02 15:29:48,534 INFO supervisord started with pid 174
2022-12-02 15:29:49,539 INFO spawned: 'microphone' with pid 280
2022-12-02 15:29:49,547 INFO spawned: 'speech_to_text' with pid 281
2022-12-02 15:29:49,552 INFO spawned: 'wake_word' with pid 282
2022-12-02 15:29:50,554 INFO success: microphone entered RUNNING state, process has stayed up for > than 1 seconds (startsecs)
2022-12-02 15:29:50,555 INFO success: speech_to_text entered RUNNING state, process has stayed up for > than 1 seconds (startsecs)
2022-12-02 15:29:50,555 INFO success: wake_word entered RUNNING state, process has stayed up for > than 1 seconds (startsecs)
2022-12-02 15:30:34,344 WARN received SIGHUP indicating restart request
2022-12-02 15:30:34,345 INFO waiting for microphone, speech_to_text, wake_word to die
2022-12-02 15:30:34,349 INFO stopped: wake_word (terminated by SIGTERM)
2022-12-02 15:30:34,361 INFO stopped: speech_to_text (terminated by SIGTERM)
2022-12-02 15:30:34,362 INFO stopped: microphone (terminated by SIGTERM)
2022-12-02 15:30:34,378 CRIT Supervisor is running as root.  Privileges were not dropped because no user is specified in the config file.  If you intend to run as root, you can set user=root in the config file to avoid this message.
2022-12-02 15:30:34,379 INFO supervisord started with pid 174
2022-12-02 15:30:35,384 INFO spawned: 'microphone' with pid 320
2022-12-02 15:30:35,392 INFO spawned: 'speech_to_text' with pid 321
2022-12-02 15:30:35,397 INFO spawned: 'speakers' with pid 322
2022-12-02 15:30:35,402 INFO spawned: 'wake_word' with pid 323
2022-12-02 15:30:36,405 INFO success: microphone entered RUNNING state, process has stayed up for > than 1 seconds (startsecs)
2022-12-02 15:30:36,405 INFO success: speech_to_text entered RUNNING state, process has stayed up for > than 1 seconds (startsecs)
2022-12-02 15:30:36,405 INFO success: speakers entered RUNNING state, process has stayed up for > than 1 seconds (startsecs)
2022-12-02 15:30:36,405 INFO success: wake_word entered RUNNING state, process has stayed up for > than 1 seconds (startsecs)
2022-12-02 15:30:52,895 WARN received SIGHUP indicating restart request
2022-12-02 15:30:52,897 INFO waiting for microphone, speech_to_text, speakers, wake_word to die
2022-12-02 15:30:52,901 INFO stopped: wake_word (terminated by SIGTERM)
2022-12-02 15:30:52,902 INFO stopped: speakers (terminated by SIGTERM)
2022-12-02 15:30:52,905 INFO stopped: speech_to_text (terminated by SIGTERM)
2022-12-02 15:30:52,907 INFO stopped: microphone (terminated by SIGTERM)
2022-12-02 15:30:52,927 CRIT Supervisor is running as root.  Privileges were not dropped because no user is specified in the config file.  If you intend to run as root, you can set user=root in the config file to avoid this message.
2022-12-02 15:30:52,928 INFO supervisord started with pid 174
2022-12-02 15:30:53,932 INFO spawned: 'microphone' with pid 374
2022-12-02 15:30:53,940 INFO spawned: 'speech_to_text' with pid 375
2022-12-02 15:30:53,946 INFO spawned: 'speakers' with pid 376
2022-12-02 15:30:53,953 INFO spawned: 'text_to_speech' with pid 377
2022-12-02 15:30:53,959 INFO spawned: 'wake_word' with pid 380
2022-12-02 15:30:54,962 INFO success: microphone entered RUNNING state, process has stayed up for > than 1 seconds (startsecs)
2022-12-02 15:30:54,963 INFO success: speech_to_text entered RUNNING state, process has stayed up for > than 1 seconds (startsecs)
2022-12-02 15:30:54,964 INFO success: speakers entered RUNNING state, process has stayed up for > than 1 seconds (startsecs)
2022-12-02 15:30:54,964 INFO success: text_to_speech entered RUNNING state, process has stayed up for > than 1 seconds (startsecs)
2022-12-02 15:30:54,965 INFO success: wake_word entered RUNNING state, process has stayed up for > than 1 seconds (startsecs)
2022-12-02 15:31:41,711 WARN received SIGHUP indicating restart request
2022-12-02 15:31:41,711 INFO waiting for microphone, speech_to_text, speakers, text_to_speech, wake_word to die
2022-12-02 15:31:41,712 INFO stopped: wake_word (terminated by SIGTERM)
2022-12-02 15:31:41,714 INFO stopped: text_to_speech (terminated by SIGTERM)
2022-12-02 15:31:41,717 INFO stopped: speakers (terminated by SIGTERM)
2022-12-02 15:31:41,721 INFO stopped: speech_to_text (terminated by SIGTERM)
2022-12-02 15:31:41,731 INFO stopped: microphone (terminated by SIGTERM)
2022-12-02 15:31:41,747 CRIT Supervisor is running as root.  Privileges were not dropped because no user is specified in the config file.  If you intend to run as root, you can set user=root in the config file to avoid this message.
2022-12-02 15:31:41,748 INFO supervisord started with pid 174
2022-12-02 15:31:42,753 INFO spawned: 'microphone' with pid 443
2022-12-02 15:31:42,761 INFO spawned: 'speech_to_text' with pid 444
2022-12-02 15:31:42,766 INFO spawned: 'speakers' with pid 445
2022-12-02 15:31:42,772 INFO spawned: 'text_to_speech' with pid 446
2022-12-02 15:31:42,778 INFO spawned: 'wake_word' with pid 449
2022-12-02 15:31:43,781 INFO success: microphone entered RUNNING state, process has stayed up for > than 1 seconds (startsecs)
2022-12-02 15:31:43,782 INFO success: speech_to_text entered RUNNING state, process has stayed up for > than 1 seconds (startsecs)
2022-12-02 15:31:43,782 INFO success: speakers entered RUNNING state, process has stayed up for > than 1 seconds (startsecs)
2022-12-02 15:31:43,782 INFO success: text_to_speech entered RUNNING state, process has stayed up for > than 1 seconds (startsecs)
2022-12-02 15:31:43,782 INFO success: wake_word entered RUNNING state, process has stayed up for > than 1 seconds (startsecs)
2022-12-02 15:32:30,805 WARN received SIGHUP indicating restart request
2022-12-02 15:32:30,806 INFO waiting for microphone, speech_to_text, speakers, text_to_speech, wake_word to die
2022-12-02 15:32:30,807 INFO stopped: wake_word (terminated by SIGTERM)
2022-12-02 15:32:30,810 INFO stopped: text_to_speech (terminated by SIGTERM)
2022-12-02 15:32:30,812 INFO stopped: speakers (terminated by SIGTERM)
2022-12-02 15:32:30,814 INFO stopped: speech_to_text (terminated by SIGTERM)
2022-12-02 15:32:30,825 INFO stopped: microphone (terminated by SIGTERM)
2022-12-02 15:32:30,845 CRIT Supervisor is running as root.  Privileges were not dropped because no user is specified in the config file.  If you intend to run as root, you can set user=root in the config file to avoid this message.
2022-12-02 15:32:30,846 INFO supervisord started with pid 174
2022-12-02 15:32:31,850 INFO spawned: 'microphone' with pid 719
2022-12-02 15:32:31,860 INFO spawned: 'speech_to_text' with pid 720
2022-12-02 15:32:31,867 INFO spawned: 'speakers' with pid 721
2022-12-02 15:32:31,876 INFO spawned: 'text_to_speech' with pid 722
2022-12-02 15:32:31,902 INFO spawned: 'wake_word' with pid 725
2022-12-02 15:32:32,905 INFO success: microphone entered RUNNING state, process has stayed up for > than 1 seconds (startsecs)
2022-12-02 15:32:32,906 INFO success: speech_to_text entered RUNNING state, process has stayed up for > than 1 seconds (startsecs)
2022-12-02 15:32:32,906 INFO success: speakers entered RUNNING state, process has stayed up for > than 1 seconds (startsecs)
2022-12-02 15:32:32,906 INFO success: text_to_speech entered RUNNING state, process has stayed up for > than 1 seconds (startsecs)
2022-12-02 15:32:32,906 INFO success: wake_word entered RUNNING state, process has stayed up for > than 1 seconds (startsecs)
2022-12-02 16:46:26,521 CRIT Supervisor is running as root.  Privileges were not dropped because no user is specified in the config file.  If you intend to run as root, you can set user=root in the config file to avoid this message.
2022-12-02 16:46:26,551 INFO supervisord started with pid 175
2022-12-02 16:46:27,556 INFO spawned: 'microphone' with pid 194
2022-12-02 16:46:27,566 INFO spawned: 'speech_to_text' with pid 195
2022-12-02 16:46:27,572 INFO spawned: 'speakers' with pid 196
2022-12-02 16:46:27,584 INFO spawned: 'text_to_speech' with pid 197
2022-12-02 16:46:27,596 INFO spawned: 'wake_word' with pid 198
2022-12-02 16:46:28,612 INFO success: microphone entered RUNNING state, process has stayed up for > than 1 seconds (startsecs)
2022-12-02 16:46:28,612 INFO success: speech_to_text entered RUNNING state, process has stayed up for > than 1 seconds (startsecs)
2022-12-02 16:46:28,613 INFO success: speakers entered RUNNING state, process has stayed up for > than 1 seconds (startsecs)
2022-12-02 16:46:28,613 INFO success: text_to_speech entered RUNNING state, process has stayed up for > than 1 seconds (startsecs)
2022-12-02 16:46:28,614 INFO success: wake_word entered RUNNING state, process has stayed up for > than 1 seconds (startsecs)
2022-12-02 16:49:05,978 WARN received SIGHUP indicating restart request
2022-12-02 16:49:05,979 INFO waiting for microphone, speech_to_text, speakers, text_to_speech, wake_word to die
2022-12-02 16:49:05,980 INFO stopped: wake_word (terminated by SIGTERM)
2022-12-02 16:49:05,982 INFO stopped: text_to_speech (terminated by SIGTERM)
2022-12-02 16:49:05,988 INFO stopped: speakers (terminated by SIGTERM)
2022-12-02 16:49:05,990 INFO stopped: speech_to_text (terminated by SIGTERM)
2022-12-02 16:49:05,991 INFO stopped: microphone (terminated by SIGTERM)
2022-12-02 16:49:06,011 CRIT Supervisor is running as root.  Privileges were not dropped because no user is specified in the config file.  If you intend to run as root, you can set user=root in the config file to avoid this message.
2022-12-02 16:49:06,013 INFO supervisord started with pid 175
2022-12-02 16:49:07,017 INFO spawned: 'microphone' with pid 285
2022-12-02 16:49:07,025 INFO spawned: 'speech_to_text' with pid 286
2022-12-02 16:49:07,029 INFO spawned: 'speakers' with pid 287
2022-12-02 16:49:07,036 INFO spawned: 'text_to_speech' with pid 288
2022-12-02 16:49:07,041 INFO spawned: 'wake_word' with pid 291
2022-12-02 16:49:08,044 INFO success: microphone entered RUNNING state, process has stayed up for > than 1 seconds (startsecs)
2022-12-02 16:49:08,045 INFO success: speech_to_text entered RUNNING state, process has stayed up for > than 1 seconds (startsecs)
2022-12-02 16:49:08,045 INFO success: speakers entered RUNNING state, process has stayed up for > than 1 seconds (startsecs)
2022-12-02 16:49:08,046 INFO success: text_to_speech entered RUNNING state, process has stayed up for > than 1 seconds (startsecs)
2022-12-02 16:49:08,046 INFO success: wake_word entered RUNNING state, process has stayed up for > than 1 seconds (startsecs)
2022-12-02 16:49:29,482 WARN received SIGHUP indicating restart request
2022-12-02 16:49:29,483 INFO waiting for microphone, speech_to_text, speakers, text_to_speech, wake_word to die
2022-12-02 16:49:29,484 INFO stopped: wake_word (terminated by SIGTERM)
2022-12-02 16:49:29,485 INFO stopped: text_to_speech (terminated by SIGTERM)
2022-12-02 16:49:29,490 INFO stopped: speakers (terminated by SIGTERM)
2022-12-02 16:49:29,492 INFO stopped: speech_to_text (terminated by SIGTERM)
2022-12-02 16:49:29,495 INFO stopped: microphone (terminated by SIGTERM)
2022-12-02 16:49:29,517 CRIT Supervisor is running as root.  Privileges were not dropped because no user is specified in the config file.  If you intend to run as root, you can set user=root in the config file to avoid this message.
2022-12-02 16:49:29,518 INFO supervisord started with pid 175
2022-12-02 16:49:30,524 INFO spawned: 'dialogue' with pid 351
2022-12-02 16:49:30,532 INFO spawned: 'speech_to_text' with pid 352
2022-12-02 16:49:30,537 INFO spawned: 'microphone' with pid 353
2022-12-02 16:49:30,544 INFO spawned: 'text_to_speech' with pid 354
2022-12-02 16:49:30,550 INFO spawned: 'wake_word' with pid 355
2022-12-02 16:49:30,556 INFO spawned: 'speakers' with pid 358
2022-12-02 16:49:31,575 INFO success: dialogue entered RUNNING state, process has stayed up for > than 1 seconds (startsecs)
2022-12-02 16:49:31,575 INFO success: speech_to_text entered RUNNING state, process has stayed up for > than 1 seconds (startsecs)
2022-12-02 16:49:31,576 INFO success: microphone entered RUNNING state, process has stayed up for > than 1 seconds (startsecs)
2022-12-02 16:49:31,576 INFO success: text_to_speech entered RUNNING state, process has stayed up for > than 1 seconds (startsecs)
2022-12-02 16:49:31,577 INFO success: wake_word entered RUNNING state, process has stayed up for > than 1 seconds (startsecs)
2022-12-02 16:49:31,577 INFO success: speakers entered RUNNING state, process has stayed up for > than 1 seconds (startsecs)
2022-12-02 16:51:32,839 WARN received SIGHUP indicating restart request
2022-12-02 16:51:32,840 INFO waiting for dialogue, speech_to_text, microphone, text_to_speech, wake_word, speakers to die
2022-12-02 16:51:32,844 INFO stopped: speakers (terminated by SIGTERM)
2022-12-02 16:51:32,846 INFO stopped: wake_word (terminated by SIGTERM)
2022-12-02 16:51:32,848 INFO stopped: text_to_speech (terminated by SIGTERM)
2022-12-02 16:51:32,851 INFO stopped: microphone (terminated by SIGTERM)
2022-12-02 16:51:32,854 INFO stopped: speech_to_text (terminated by SIGTERM)
2022-12-02 16:51:32,862 INFO stopped: dialogue (terminated by SIGTERM)
2022-12-02 16:51:32,881 CRIT Supervisor is running as root.  Privileges were not dropped because no user is specified in the config file.  If you intend to run as root, you can set user=root in the config file to avoid this message.
2022-12-02 16:51:32,882 INFO supervisord started with pid 175
2022-12-02 16:51:33,887 INFO spawned: 'dialogue' with pid 942
2022-12-02 16:51:33,895 INFO spawned: 'speech_to_text' with pid 943
2022-12-02 16:51:33,900 INFO spawned: 'microphone' with pid 944
2022-12-02 16:51:33,907 INFO spawned: 'text_to_speech' with pid 945
2022-12-02 16:51:33,912 INFO spawned: 'wake_word' with pid 948
2022-12-02 16:51:33,919 INFO spawned: 'speakers' with pid 950
2022-12-02 16:51:34,927 INFO success: dialogue entered RUNNING state, process has stayed up for > than 1 seconds (startsecs)
2022-12-02 16:51:34,928 INFO success: speech_to_text entered RUNNING state, process has stayed up for > than 1 seconds (startsecs)
2022-12-02 16:51:34,928 INFO success: microphone entered RUNNING state, process has stayed up for > than 1 seconds (startsecs)
2022-12-02 16:51:34,928 INFO success: text_to_speech entered RUNNING state, process has stayed up for > than 1 seconds (startsecs)
2022-12-02 16:51:34,929 INFO success: wake_word entered RUNNING state, process has stayed up for > than 1 seconds (startsecs)
2022-12-02 16:51:34,929 INFO success: speakers entered RUNNING state, process has stayed up for > than 1 seconds (startsecs)
2022-12-02 16:52:33,363 WARN received SIGHUP indicating restart request
2022-12-02 16:52:33,364 INFO waiting for dialogue, speech_to_text, microphone, text_to_speech, wake_word, speakers to die
2022-12-02 16:52:33,369 INFO stopped: speakers (terminated by SIGTERM)
2022-12-02 16:52:33,370 INFO stopped: wake_word (terminated by SIGTERM)
2022-12-02 16:52:33,372 INFO stopped: text_to_speech (terminated by SIGTERM)
2022-12-02 16:52:33,376 INFO stopped: microphone (terminated by SIGTERM)
2022-12-02 16:52:33,379 INFO stopped: speech_to_text (terminated by SIGTERM)
2022-12-02 16:52:33,382 INFO stopped: dialogue (terminated by SIGTERM)
2022-12-02 16:52:33,402 CRIT Supervisor is running as root.  Privileges were not dropped because no user is specified in the config file.  If you intend to run as root, you can set user=root in the config file to avoid this message.
2022-12-02 16:52:33,404 INFO supervisord started with pid 175
2022-12-02 16:52:34,409 INFO spawned: 'dialogue' with pid 1022
2022-12-02 16:52:34,417 INFO spawned: 'speech_to_text' with pid 1023
2022-12-02 16:52:34,422 INFO spawned: 'microphone' with pid 1024
2022-12-02 16:52:34,429 INFO spawned: 'text_to_speech' with pid 1025
2022-12-02 16:52:34,435 INFO spawned: 'wake_word' with pid 1028
2022-12-02 16:52:34,442 INFO spawned: 'speakers' with pid 1031
2022-12-02 16:52:35,451 INFO success: dialogue entered RUNNING state, process has stayed up for > than 1 seconds (startsecs)
2022-12-02 16:52:35,452 INFO success: speech_to_text entered RUNNING state, process has stayed up for > than 1 seconds (startsecs)
2022-12-02 16:52:35,453 INFO success: microphone entered RUNNING state, process has stayed up for > than 1 seconds (startsecs)
2022-12-02 16:52:35,454 INFO success: text_to_speech entered RUNNING state, process has stayed up for > than 1 seconds (startsecs)
2022-12-02 16:52:35,454 INFO success: wake_word entered RUNNING state, process has stayed up for > than 1 seconds (startsecs)
2022-12-02 16:52:35,455 INFO success: speakers entered RUNNING state, process has stayed up for > than 1 seconds (startsecs)
2022-12-02 17:41:55,052 WARN received SIGHUP indicating restart request
2022-12-02 17:41:55,053 INFO waiting for dialogue, speech_to_text, microphone, text_to_speech, wake_word, speakers to die
2022-12-02 17:41:55,054 INFO stopped: speakers (terminated by SIGTERM)
2022-12-02 17:41:55,057 INFO stopped: wake_word (terminated by SIGTERM)
2022-12-02 17:41:55,060 INFO stopped: text_to_speech (terminated by SIGTERM)
2022-12-02 17:41:55,063 INFO stopped: microphone (terminated by SIGTERM)
2022-12-02 17:41:55,065 INFO stopped: speech_to_text (terminated by SIGTERM)
2022-12-02 17:41:55,074 INFO stopped: dialogue (terminated by SIGTERM)
2022-12-02 17:41:55,095 CRIT Supervisor is running as root.  Privileges were not dropped because no user is specified in the config file.  If you intend to run as root, you can set user=root in the config file to avoid this message.
2022-12-02 17:41:55,096 INFO supervisord started with pid 175
2022-12-02 17:41:56,101 INFO spawned: 'dialogue' with pid 4207
2022-12-02 17:41:56,109 INFO spawned: 'speech_to_text' with pid 4208
2022-12-02 17:41:56,114 INFO spawned: 'microphone' with pid 4209
2022-12-02 17:41:56,119 INFO spawned: 'wake_word' with pid 4210
2022-12-02 17:41:56,126 INFO spawned: 'intent_recognition' with pid 4213
2022-12-02 17:41:56,134 INFO spawned: 'text_to_speech' with pid 4217
2022-12-02 17:41:56,144 INFO spawned: 'speakers' with pid 4220
2022-12-02 17:41:57,147 INFO success: dialogue entered RUNNING state, process has stayed up for > than 1 seconds (startsecs)
2022-12-02 17:41:57,147 INFO success: speech_to_text entered RUNNING state, process has stayed up for > than 1 seconds (startsecs)
2022-12-02 17:41:57,148 INFO success: microphone entered RUNNING state, process has stayed up for > than 1 seconds (startsecs)
2022-12-02 17:41:57,148 INFO success: wake_word entered RUNNING state, process has stayed up for > than 1 seconds (startsecs)
2022-12-02 17:41:57,149 INFO success: intent_recognition entered RUNNING state, process has stayed up for > than 1 seconds (startsecs)
2022-12-02 17:41:57,149 INFO success: text_to_speech entered RUNNING state, process has stayed up for > than 1 seconds (startsecs)
2022-12-02 17:41:57,150 INFO success: speakers entered RUNNING state, process has stayed up for > than 1 seconds (startsecs)
2022-12-02 17:44:00,052 WARN received SIGHUP indicating restart request
2022-12-02 17:44:00,053 INFO waiting for dialogue, speech_to_text, microphone, wake_word, intent_recognition, text_to_speech, speakers to die
2022-12-02 17:44:00,054 INFO stopped: speakers (terminated by SIGTERM)
2022-12-02 17:44:00,067 INFO stopped: text_to_speech (terminated by SIGTERM)
2022-12-02 17:44:00,070 INFO stopped: intent_recognition (terminated by SIGTERM)
2022-12-02 17:44:00,074 INFO stopped: wake_word (terminated by SIGTERM)
2022-12-02 17:44:00,077 INFO stopped: microphone (terminated by SIGTERM)
2022-12-02 17:44:00,090 INFO stopped: speech_to_text (terminated by SIGTERM)
2022-12-02 17:44:00,098 INFO stopped: dialogue (terminated by SIGTERM)
2022-12-02 17:44:00,153 CRIT Supervisor is running as root.  Privileges were not dropped because no user is specified in the config file.  If you intend to run as root, you can set user=root in the config file to avoid this message.
2022-12-02 17:44:00,154 INFO supervisord started with pid 175
2022-12-02 17:44:01,160 INFO spawned: 'dialogue' with pid 5848
2022-12-02 17:44:01,168 INFO spawned: 'speech_to_text' with pid 5849
2022-12-02 17:44:01,173 INFO spawned: 'microphone' with pid 5850
2022-12-02 17:44:01,178 INFO spawned: 'wake_word' with pid 5851
2022-12-02 17:44:01,185 INFO spawned: 'intent_recognition' with pid 5854
2022-12-02 17:44:01,200 INFO spawned: 'text_to_speech' with pid 5860
2022-12-02 17:44:01,207 INFO spawned: 'speakers' with pid 5864
2022-12-02 17:44:02,220 INFO success: dialogue entered RUNNING state, process has stayed up for > than 1 seconds (startsecs)
2022-12-02 17:44:02,220 INFO success: speech_to_text entered RUNNING state, process has stayed up for > than 1 seconds (startsecs)
2022-12-02 17:44:02,220 INFO success: microphone entered RUNNING state, process has stayed up for > than 1 seconds (startsecs)
2022-12-02 17:44:02,221 INFO success: wake_word entered RUNNING state, process has stayed up for > than 1 seconds (startsecs)
2022-12-02 17:44:02,221 INFO success: intent_recognition entered RUNNING state, process has stayed up for > than 1 seconds (startsecs)
2022-12-02 17:44:02,222 INFO success: text_to_speech entered RUNNING state, process has stayed up for > than 1 seconds (startsecs)
2022-12-02 17:44:02,222 INFO success: speakers entered RUNNING state, process has stayed up for > than 1 seconds (startsecs)
2022-12-02 17:53:46,752 CRIT Supervisor is running as root.  Privileges were not dropped because no user is specified in the config file.  If you intend to run as root, you can set user=root in the config file to avoid this message.
2022-12-02 17:53:46,769 INFO supervisord started with pid 174
2022-12-02 17:53:47,776 INFO spawned: 'dialogue' with pid 193
2022-12-02 17:53:47,785 INFO spawned: 'speech_to_text' with pid 194
2022-12-02 17:53:47,802 INFO spawned: 'microphone' with pid 195
2022-12-02 17:53:47,808 INFO spawned: 'wake_word' with pid 196
2022-12-02 17:53:47,823 INFO spawned: 'intent_recognition' with pid 197
2022-12-02 17:53:47,860 INFO spawned: 'text_to_speech' with pid 202
2022-12-02 17:53:47,917 INFO spawned: 'speakers' with pid 209
2022-12-02 17:53:48,920 INFO success: dialogue entered RUNNING state, process has stayed up for > than 1 seconds (startsecs)
2022-12-02 17:53:48,920 INFO success: speech_to_text entered RUNNING state, process has stayed up for > than 1 seconds (startsecs)
2022-12-02 17:53:48,920 INFO success: microphone entered RUNNING state, process has stayed up for > than 1 seconds (startsecs)
2022-12-02 17:53:48,921 INFO success: wake_word entered RUNNING state, process has stayed up for > than 1 seconds (startsecs)
2022-12-02 17:53:48,921 INFO success: intent_recognition entered RUNNING state, process has stayed up for > than 1 seconds (startsecs)
2022-12-02 17:53:48,921 INFO success: text_to_speech entered RUNNING state, process has stayed up for > than 1 seconds (startsecs)
2022-12-02 17:53:48,921 INFO success: speakers entered RUNNING state, process has stayed up for > than 1 seconds (startsecs)
2022-12-02 18:11:39,202 WARN received SIGHUP indicating restart request
2022-12-02 18:11:39,203 INFO waiting for dialogue, speech_to_text, microphone, wake_word, intent_recognition, text_to_speech, speakers to die
2022-12-02 18:11:39,208 INFO stopped: speakers (terminated by SIGTERM)
2022-12-02 18:11:39,210 INFO stopped: text_to_speech (terminated by SIGTERM)
2022-12-02 18:11:39,212 INFO stopped: intent_recognition (terminated by SIGTERM)
2022-12-02 18:11:39,214 INFO stopped: wake_word (terminated by SIGTERM)
2022-12-02 18:11:39,217 INFO stopped: microphone (terminated by SIGTERM)
2022-12-02 18:11:39,224 INFO stopped: speech_to_text (terminated by SIGTERM)
2022-12-02 18:11:39,227 INFO stopped: dialogue (terminated by SIGTERM)
2022-12-02 18:11:39,249 CRIT Supervisor is running as root.  Privileges were not dropped because no user is specified in the config file.  If you intend to run as root, you can set user=root in the config file to avoid this message.
2022-12-02 18:11:39,251 INFO supervisord started with pid 174
2022-12-02 18:11:40,256 INFO spawned: 'dialogue' with pid 4962
2022-12-02 18:11:40,264 INFO spawned: 'speech_to_text' with pid 4963
2022-12-02 18:11:40,269 INFO spawned: 'microphone' with pid 4964
2022-12-02 18:11:40,274 INFO spawned: 'wake_word' with pid 4965
2022-12-02 18:11:40,280 INFO spawned: 'intent_recognition' with pid 4968
2022-12-02 18:11:40,288 INFO spawned: 'text_to_speech' with pid 4971
2022-12-02 18:11:40,305 INFO spawned: 'speakers' with pid 4977
2022-12-02 18:11:41,308 INFO success: dialogue entered RUNNING state, process has stayed up for > than 1 seconds (startsecs)
2022-12-02 18:11:41,308 INFO success: speech_to_text entered RUNNING state, process has stayed up for > than 1 seconds (startsecs)
2022-12-02 18:11:41,309 INFO success: microphone entered RUNNING state, process has stayed up for > than 1 seconds (startsecs)
2022-12-02 18:11:41,309 INFO success: wake_word entered RUNNING state, process has stayed up for > than 1 seconds (startsecs)
2022-12-02 18:11:41,309 INFO success: intent_recognition entered RUNNING state, process has stayed up for > than 1 seconds (startsecs)
2022-12-02 18:11:41,309 INFO success: text_to_speech entered RUNNING state, process has stayed up for > than 1 seconds (startsecs)
2022-12-02 18:11:41,309 INFO success: speakers entered RUNNING state, process has stayed up for > than 1 seconds (startsecs)
2022-12-02 18:14:24,289 WARN received SIGHUP indicating restart request
2022-12-02 18:14:24,290 INFO waiting for dialogue, speech_to_text, microphone, wake_word, intent_recognition, text_to_speech, speakers to die
2022-12-02 18:14:24,292 INFO stopped: speakers (terminated by SIGTERM)
2022-12-02 18:14:24,298 INFO stopped: text_to_speech (terminated by SIGTERM)
2022-12-02 18:14:24,303 INFO stopped: intent_recognition (terminated by SIGTERM)
2022-12-02 18:14:24,305 INFO stopped: wake_word (terminated by SIGTERM)
2022-12-02 18:14:24,324 INFO stopped: microphone (terminated by SIGTERM)
2022-12-02 18:14:24,341 INFO stopped: speech_to_text (terminated by SIGTERM)
2022-12-02 18:14:24,343 INFO stopped: dialogue (terminated by SIGTERM)
2022-12-02 18:14:24,372 CRIT Supervisor is running as root.  Privileges were not dropped because no user is specified in the config file.  If you intend to run as root, you can set user=root in the config file to avoid this message.
2022-12-02 18:14:24,374 INFO supervisord started with pid 174
2022-12-02 18:14:25,379 INFO spawned: 'dialogue' with pid 8166
2022-12-02 18:14:25,387 INFO spawned: 'speech_to_text' with pid 8167
2022-12-02 18:14:25,392 INFO spawned: 'microphone' with pid 8168
2022-12-02 18:14:25,397 INFO spawned: 'wake_word' with pid 8169
2022-12-02 18:14:25,403 INFO spawned: 'intent_recognition' with pid 8171
2022-12-02 18:14:25,418 INFO spawned: 'text_to_speech' with pid 8173
2022-12-02 18:14:25,424 INFO spawned: 'speakers' with pid 8181
2022-12-02 18:14:26,435 INFO success: dialogue entered RUNNING state, process has stayed up for > than 1 seconds (startsecs)
2022-12-02 18:14:26,435 INFO success: speech_to_text entered RUNNING state, process has stayed up for > than 1 seconds (startsecs)
2022-12-02 18:14:26,435 INFO success: microphone entered RUNNING state, process has stayed up for > than 1 seconds (startsecs)
2022-12-02 18:14:26,435 INFO success: wake_word entered RUNNING state, process has stayed up for > than 1 seconds (startsecs)
2022-12-02 18:14:26,435 INFO success: intent_recognition entered RUNNING state, process has stayed up for > than 1 seconds (startsecs)
2022-12-02 18:14:26,436 INFO success: text_to_speech entered RUNNING state, process has stayed up for > than 1 seconds (startsecs)
2022-12-02 18:14:26,436 INFO success: speakers entered RUNNING state, process has stayed up for > than 1 seconds (startsecs)
2022-12-02 18:14:37,467 WARN received SIGHUP indicating restart request
2022-12-02 18:14:37,467 INFO waiting for dialogue, speech_to_text, microphone, wake_word, intent_recognition, text_to_speech, speakers to die
2022-12-02 18:14:37,469 INFO stopped: speakers (terminated by SIGTERM)
2022-12-02 18:14:37,473 INFO stopped: text_to_speech (terminated by SIGTERM)
2022-12-02 18:14:37,475 INFO stopped: intent_recognition (terminated by SIGTERM)
2022-12-02 18:14:37,478 INFO stopped: wake_word (terminated by SIGTERM)
2022-12-02 18:14:37,482 INFO stopped: microphone (terminated by SIGTERM)
2022-12-02 18:14:37,496 INFO stopped: speech_to_text (terminated by SIGTERM)
2022-12-02 18:14:37,498 INFO stopped: dialogue (terminated by SIGTERM)
2022-12-02 18:14:37,518 CRIT Supervisor is running as root.  Privileges were not dropped because no user is specified in the config file.  If you intend to run as root, you can set user=root in the config file to avoid this message.
2022-12-02 18:14:37,519 INFO supervisord started with pid 174
2022-12-02 18:14:38,524 INFO spawned: 'dialogue' with pid 8251
2022-12-02 18:14:38,532 INFO spawned: 'speech_to_text' with pid 8252
2022-12-02 18:14:38,537 INFO spawned: 'microphone' with pid 8253
2022-12-02 18:14:38,542 INFO spawned: 'wake_word' with pid 8254
2022-12-02 18:14:38,548 INFO spawned: 'intent_recognition' with pid 8256
2022-12-02 18:14:38,567 INFO spawned: 'text_to_speech' with pid 8264
2022-12-02 18:14:38,572 INFO spawned: 'speakers' with pid 8267
2022-12-02 18:14:39,575 INFO success: dialogue entered RUNNING state, process has stayed up for > than 1 seconds (startsecs)
2022-12-02 18:14:39,576 INFO success: speech_to_text entered RUNNING state, process has stayed up for > than 1 seconds (startsecs)
2022-12-02 18:14:39,576 INFO success: microphone entered RUNNING state, process has stayed up for > than 1 seconds (startsecs)
2022-12-02 18:14:39,576 INFO success: wake_word entered RUNNING state, process has stayed up for > than 1 seconds (startsecs)
2022-12-02 18:14:39,576 INFO success: intent_recognition entered RUNNING state, process has stayed up for > than 1 seconds (startsecs)
2022-12-02 18:14:39,576 INFO success: text_to_speech entered RUNNING state, process has stayed up for > than 1 seconds (startsecs)
2022-12-02 18:14:39,576 INFO success: speakers entered RUNNING state, process has stayed up for > than 1 seconds (startsecs)
2022-12-02 18:15:22,906 WARN received SIGHUP indicating restart request
2022-12-02 18:15:22,907 INFO waiting for dialogue, speech_to_text, microphone, wake_word, intent_recognition, text_to_speech, speakers to die
2022-12-02 18:15:22,908 INFO stopped: speakers (terminated by SIGTERM)
2022-12-02 18:15:22,910 INFO stopped: text_to_speech (terminated by SIGTERM)
2022-12-02 18:15:22,912 INFO stopped: intent_recognition (terminated by SIGTERM)
2022-12-02 18:15:22,917 INFO stopped: wake_word (terminated by SIGTERM)
2022-12-02 18:15:22,925 INFO stopped: microphone (terminated by SIGTERM)
2022-12-02 18:15:22,926 INFO stopped: speech_to_text (terminated by SIGTERM)
2022-12-02 18:15:22,929 INFO stopped: dialogue (terminated by SIGTERM)
2022-12-02 18:15:22,952 CRIT Supervisor is running as root.  Privileges were not dropped because no user is specified in the config file.  If you intend to run as root, you can set user=root in the config file to avoid this message.
2022-12-02 18:15:22,953 INFO supervisord started with pid 174
2022-12-02 18:15:23,958 INFO spawned: 'dialogue' with pid 8336
2022-12-02 18:15:23,966 INFO spawned: 'speech_to_text' with pid 8337
2022-12-02 18:15:23,972 INFO spawned: 'microphone' with pid 8338
2022-12-02 18:15:23,977 INFO spawned: 'wake_word' with pid 8339
2022-12-02 18:15:23,983 INFO spawned: 'intent_recognition' with pid 8342
2022-12-02 18:15:23,991 INFO spawned: 'text_to_speech' with pid 8344
2022-12-02 18:15:24,007 INFO spawned: 'speakers' with pid 8349
2022-12-02 18:15:25,020 INFO success: dialogue entered RUNNING state, process has stayed up for > than 1 seconds (startsecs)
2022-12-02 18:15:25,020 INFO success: speech_to_text entered RUNNING state, process has stayed up for > than 1 seconds (startsecs)
2022-12-02 18:15:25,021 INFO success: microphone entered RUNNING state, process has stayed up for > than 1 seconds (startsecs)
2022-12-02 18:15:25,021 INFO success: wake_word entered RUNNING state, process has stayed up for > than 1 seconds (startsecs)
2022-12-02 18:15:25,021 INFO success: intent_recognition entered RUNNING state, process has stayed up for > than 1 seconds (startsecs)
2022-12-02 18:15:25,022 INFO success: text_to_speech entered RUNNING state, process has stayed up for > than 1 seconds (startsecs)
2022-12-02 18:15:25,022 INFO success: speakers entered RUNNING state, process has stayed up for > than 1 seconds (startsecs)
2022-12-02 18:15:56,402 WARN received SIGHUP indicating restart request
2022-12-02 18:15:56,402 INFO waiting for dialogue, speech_to_text, microphone, wake_word, intent_recognition, text_to_speech, speakers to die
2022-12-02 18:15:56,407 INFO stopped: speakers (terminated by SIGTERM)
2022-12-02 18:15:56,412 INFO stopped: text_to_speech (terminated by SIGTERM)
2022-12-02 18:15:56,414 INFO stopped: intent_recognition (terminated by SIGTERM)
2022-12-02 18:15:56,415 INFO stopped: wake_word (terminated by SIGTERM)
2022-12-02 18:15:56,419 INFO stopped: microphone (terminated by SIGTERM)
2022-12-02 18:15:56,421 INFO stopped: speech_to_text (terminated by SIGTERM)
2022-12-02 18:15:56,424 INFO stopped: dialogue (terminated by SIGTERM)
2022-12-02 18:15:56,448 CRIT Supervisor is running as root.  Privileges were not dropped because no user is specified in the config file.  If you intend to run as root, you can set user=root in the config file to avoid this message.
2022-12-02 18:15:56,449 INFO supervisord started with pid 174
2022-12-02 18:15:57,454 INFO spawned: 'dialogue' with pid 8416
2022-12-02 18:15:57,464 INFO spawned: 'speech_to_text' with pid 8417
2022-12-02 18:15:57,472 INFO spawned: 'microphone' with pid 8418
2022-12-02 18:15:57,478 INFO spawned: 'wake_word' with pid 8419
2022-12-02 18:15:57,489 INFO spawned: 'intent_recognition' with pid 8422
2022-12-02 18:15:57,515 INFO spawned: 'text_to_speech' with pid 8428
2022-12-02 18:15:57,521 INFO spawned: 'speakers' with pid 8431
2022-12-02 18:15:58,538 INFO success: dialogue entered RUNNING state, process has stayed up for > than 1 seconds (startsecs)
2022-12-02 18:15:58,538 INFO success: speech_to_text entered RUNNING state, process has stayed up for > than 1 seconds (startsecs)
2022-12-02 18:15:58,538 INFO success: microphone entered RUNNING state, process has stayed up for > than 1 seconds (startsecs)
2022-12-02 18:15:58,539 INFO success: wake_word entered RUNNING state, process has stayed up for > than 1 seconds (startsecs)
2022-12-02 18:15:58,539 INFO success: intent_recognition entered RUNNING state, process has stayed up for > than 1 seconds (startsecs)
2022-12-02 18:15:58,539 INFO success: text_to_speech entered RUNNING state, process has stayed up for > than 1 seconds (startsecs)
2022-12-02 18:15:58,540 INFO success: speakers entered RUNNING state, process has stayed up for > than 1 seconds (startsecs)
2022-12-02 18:19:58,895 WARN received SIGHUP indicating restart request
2022-12-02 18:19:58,896 INFO waiting for dialogue, speech_to_text, microphone, wake_word, intent_recognition, text_to_speech, speakers to die
2022-12-02 18:19:58,931 INFO stopped: speakers (terminated by SIGTERM)
2022-12-02 18:19:58,936 INFO stopped: text_to_speech (terminated by SIGTERM)
2022-12-02 18:19:58,939 INFO stopped: intent_recognition (terminated by SIGTERM)
2022-12-02 18:19:58,941 INFO stopped: wake_word (terminated by SIGTERM)
2022-12-02 18:19:58,943 INFO stopped: microphone (terminated by SIGTERM)
2022-12-02 18:19:58,955 INFO stopped: speech_to_text (terminated by SIGTERM)
2022-12-02 18:19:58,959 INFO stopped: dialogue (terminated by SIGTERM)
2022-12-02 18:19:58,982 CRIT Supervisor is running as root.  Privileges were not dropped because no user is specified in the config file.  If you intend to run as root, you can set user=root in the config file to avoid this message.
2022-12-02 18:19:58,983 INFO supervisord started with pid 174
2022-12-02 18:19:59,988 INFO spawned: 'dialogue' with pid 10567
2022-12-02 18:19:59,996 INFO spawned: 'speech_to_text' with pid 10568
2022-12-02 18:20:00,001 INFO spawned: 'microphone' with pid 10569
2022-12-02 18:20:00,006 INFO spawned: 'wake_word' with pid 10570
2022-12-02 18:20:00,012 INFO spawned: 'intent_recognition' with pid 10572
2022-12-02 18:20:00,027 INFO spawned: 'text_to_speech' with pid 10579
2022-12-02 18:20:00,033 INFO spawned: 'speakers' with pid 10581
2022-12-02 18:20:01,045 INFO success: dialogue entered RUNNING state, process has stayed up for > than 1 seconds (startsecs)
2022-12-02 18:20:01,045 INFO success: speech_to_text entered RUNNING state, process has stayed up for > than 1 seconds (startsecs)
2022-12-02 18:20:01,045 INFO success: microphone entered RUNNING state, process has stayed up for > than 1 seconds (startsecs)
2022-12-02 18:20:01,046 INFO success: wake_word entered RUNNING state, process has stayed up for > than 1 seconds (startsecs)
2022-12-02 18:20:01,046 INFO success: intent_recognition entered RUNNING state, process has stayed up for > than 1 seconds (startsecs)
2022-12-02 18:20:01,046 INFO success: text_to_speech entered RUNNING state, process has stayed up for > than 1 seconds (startsecs)
2022-12-02 18:20:01,046 INFO success: speakers entered RUNNING state, process has stayed up for > than 1 seconds (startsecs)
2022-12-03 09:19:34,901 WARN received SIGHUP indicating restart request
2022-12-03 09:19:34,902 INFO waiting for dialogue, speech_to_text, microphone, wake_word, intent_recognition, text_to_speech, speakers to die
2022-12-03 09:19:34,903 INFO stopped: speakers (terminated by SIGTERM)
2022-12-03 09:19:34,905 INFO stopped: text_to_speech (terminated by SIGTERM)
2022-12-03 09:19:34,908 INFO stopped: intent_recognition (terminated by SIGTERM)
2022-12-03 09:19:34,911 INFO stopped: wake_word (terminated by SIGTERM)
2022-12-03 09:19:34,924 INFO stopped: microphone (terminated by SIGTERM)
2022-12-03 09:19:34,936 INFO stopped: speech_to_text (terminated by SIGTERM)
2022-12-03 09:19:34,942 INFO stopped: dialogue (terminated by SIGTERM)
2022-12-03 09:19:34,962 CRIT Supervisor is running as root.  Privileges were not dropped because no user is specified in the config file.  If you intend to run as root, you can set user=root in the config file to avoid this message.
2022-12-03 09:19:34,963 INFO supervisord started with pid 174
2022-12-03 09:19:35,968 INFO spawned: 'dialogue' with pid 13767
2022-12-03 09:19:35,976 INFO spawned: 'speech_to_text' with pid 13768
2022-12-03 09:19:35,982 INFO spawned: 'microphone' with pid 13769
2022-12-03 09:19:35,988 INFO spawned: 'wake_word' with pid 13770
2022-12-03 09:19:35,994 INFO spawned: 'intent_recognition' with pid 13773
2022-12-03 09:19:36,006 INFO spawned: 'text_to_speech' with pid 13776
2022-12-03 09:19:36,020 INFO spawned: 'speakers' with pid 13781
2022-12-03 09:19:37,042 INFO success: dialogue entered RUNNING state, process has stayed up for > than 1 seconds (startsecs)
2022-12-03 09:19:37,042 INFO success: speech_to_text entered RUNNING state, process has stayed up for > than 1 seconds (startsecs)
2022-12-03 09:19:37,042 INFO success: microphone entered RUNNING state, process has stayed up for > than 1 seconds (startsecs)
2022-12-03 09:19:37,042 INFO success: wake_word entered RUNNING state, process has stayed up for > than 1 seconds (startsecs)
2022-12-03 09:19:37,043 INFO success: intent_recognition entered RUNNING state, process has stayed up for > than 1 seconds (startsecs)
2022-12-03 09:19:37,043 INFO success: text_to_speech entered RUNNING state, process has stayed up for > than 1 seconds (startsecs)
2022-12-03 09:19:37,043 INFO success: speakers entered RUNNING state, process has stayed up for > than 1 seconds (startsecs)
2022-12-03 12:17:48,299 CRIT Supervisor is running as root.  Privileges were not dropped because no user is specified in the config file.  If you intend to run as root, you can set user=root in the config file to avoid this message.
2022-12-03 12:17:48,319 INFO supervisord started with pid 174
2022-12-03 12:17:49,325 INFO spawned: 'dialogue' with pid 193
2022-12-03 12:17:49,335 INFO spawned: 'speech_to_text' with pid 194
2022-12-03 12:17:49,352 INFO spawned: 'microphone' with pid 195
2022-12-03 12:17:49,358 INFO spawned: 'wake_word' with pid 196
2022-12-03 12:17:49,365 INFO spawned: 'intent_recognition' with pid 197
2022-12-03 12:17:49,390 INFO spawned: 'text_to_speech' with pid 200
2022-12-03 12:17:49,396 INFO spawned: 'speakers' with pid 201
2022-12-03 12:17:50,411 INFO success: dialogue entered RUNNING state, process has stayed up for > than 1 seconds (startsecs)
2022-12-03 12:17:50,412 INFO success: speech_to_text entered RUNNING state, process has stayed up for > than 1 seconds (startsecs)
2022-12-03 12:17:50,412 INFO success: microphone entered RUNNING state, process has stayed up for > than 1 seconds (startsecs)
2022-12-03 12:17:50,412 INFO success: wake_word entered RUNNING state, process has stayed up for > than 1 seconds (startsecs)
2022-12-03 12:17:50,413 INFO success: intent_recognition entered RUNNING state, process has stayed up for > than 1 seconds (startsecs)
2022-12-03 12:17:50,413 INFO success: text_to_speech entered RUNNING state, process has stayed up for > than 1 seconds (startsecs)
2022-12-03 12:17:50,414 INFO success: speakers entered RUNNING state, process has stayed up for > than 1 seconds (startsecs)
2022-12-03 13:49:03,085 WARN received SIGHUP indicating restart request
2022-12-03 13:49:03,086 INFO waiting for dialogue, speech_to_text, microphone, wake_word, intent_recognition, text_to_speech, speakers to die
2022-12-03 13:49:03,091 INFO stopped: speakers (terminated by SIGTERM)
2022-12-03 13:49:03,092 INFO stopped: text_to_speech (terminated by SIGTERM)
2022-12-03 13:49:03,097 INFO stopped: intent_recognition (terminated by SIGTERM)
2022-12-03 13:49:03,099 INFO stopped: wake_word (terminated by SIGTERM)
2022-12-03 13:49:03,113 INFO stopped: microphone (terminated by SIGTERM)
2022-12-03 13:49:03,127 INFO stopped: speech_to_text (terminated by SIGTERM)
2022-12-03 13:49:03,129 INFO stopped: dialogue (terminated by SIGTERM)
2022-12-03 13:49:03,149 CRIT Supervisor is running as root.  Privileges were not dropped because no user is specified in the config file.  If you intend to run as root, you can set user=root in the config file to avoid this message.
2022-12-03 13:49:03,150 INFO supervisord started with pid 174
2022-12-03 13:49:04,156 INFO spawned: 'dialogue' with pid 818
2022-12-03 13:49:04,163 INFO spawned: 'speech_to_text' with pid 819
2022-12-03 13:49:04,169 INFO spawned: 'microphone' with pid 820
2022-12-03 13:49:04,174 INFO spawned: 'wake_word' with pid 821
2022-12-03 13:49:04,180 INFO spawned: 'intent_recognition' with pid 824
2022-12-03 13:49:04,187 INFO spawned: 'text_to_speech' with pid 827
2022-12-03 13:49:04,202 INFO spawned: 'speakers' with pid 833
2022-12-03 13:49:05,212 INFO success: dialogue entered RUNNING state, process has stayed up for > than 1 seconds (startsecs)
2022-12-03 13:49:05,213 INFO success: speech_to_text entered RUNNING state, process has stayed up for > than 1 seconds (startsecs)
2022-12-03 13:49:05,213 INFO success: microphone entered RUNNING state, process has stayed up for > than 1 seconds (startsecs)
2022-12-03 13:49:05,213 INFO success: wake_word entered RUNNING state, process has stayed up for > than 1 seconds (startsecs)
2022-12-03 13:49:05,214 INFO success: intent_recognition entered RUNNING state, process has stayed up for > than 1 seconds (startsecs)
2022-12-03 13:49:05,214 INFO success: text_to_speech entered RUNNING state, process has stayed up for > than 1 seconds (startsecs)
2022-12-03 13:49:05,214 INFO success: speakers entered RUNNING state, process has stayed up for > than 1 seconds (startsecs)
2022-12-03 13:49:11,836 WARN received SIGHUP indicating restart request
2022-12-03 13:49:11,836 INFO waiting for dialogue, speech_to_text, microphone, wake_word, intent_recognition, text_to_speech, speakers to die
2022-12-03 13:49:11,837 INFO stopped: speakers (terminated by SIGTERM)
2022-12-03 13:49:11,844 INFO stopped: text_to_speech (terminated by SIGTERM)
2022-12-03 13:49:11,855 INFO stopped: intent_recognition (terminated by SIGTERM)
2022-12-03 13:49:11,858 INFO stopped: wake_word (terminated by SIGTERM)
2022-12-03 13:49:11,860 INFO stopped: microphone (terminated by SIGTERM)
2022-12-03 13:49:11,862 INFO stopped: speech_to_text (terminated by SIGTERM)
2022-12-03 13:49:11,868 INFO stopped: dialogue (terminated by SIGTERM)
2022-12-03 13:49:11,889 CRIT Supervisor is running as root.  Privileges were not dropped because no user is specified in the config file.  If you intend to run as root, you can set user=root in the config file to avoid this message.
2022-12-03 13:49:11,890 INFO supervisord started with pid 174
2022-12-03 13:49:12,895 INFO spawned: 'dialogue' with pid 905
2022-12-03 13:49:12,903 INFO spawned: 'speech_to_text' with pid 906
2022-12-03 13:49:12,908 INFO spawned: 'microphone' with pid 907
2022-12-03 13:49:12,913 INFO spawned: 'wake_word' with pid 908
2022-12-03 13:49:12,920 INFO spawned: 'intent_recognition' with pid 911
2022-12-03 13:49:12,931 INFO spawned: 'text_to_speech' with pid 916
2022-12-03 13:49:12,943 INFO spawned: 'speakers' with pid 921
2022-12-03 13:49:13,952 INFO success: dialogue entered RUNNING state, process has stayed up for > than 1 seconds (startsecs)
2022-12-03 13:49:13,953 INFO success: speech_to_text entered RUNNING state, process has stayed up for > than 1 seconds (startsecs)
2022-12-03 13:49:13,953 INFO success: microphone entered RUNNING state, process has stayed up for > than 1 seconds (startsecs)
2022-12-03 13:49:13,954 INFO success: wake_word entered RUNNING state, process has stayed up for > than 1 seconds (startsecs)
2022-12-03 13:49:13,954 INFO success: intent_recognition entered RUNNING state, process has stayed up for > than 1 seconds (startsecs)
2022-12-03 13:49:13,954 INFO success: text_to_speech entered RUNNING state, process has stayed up for > than 1 seconds (startsecs)
2022-12-03 13:49:13,955 INFO success: speakers entered RUNNING state, process has stayed up for > than 1 seconds (startsecs)
2022-12-03 16:32:17,126 CRIT Supervisor is running as root.  Privileges were not dropped because no user is specified in the config file.  If you intend to run as root, you can set user=root in the config file to avoid this message.
2022-12-03 16:32:17,144 INFO supervisord started with pid 173
2022-12-03 16:32:18,150 INFO spawned: 'dialogue' with pid 192
2022-12-03 16:32:18,159 INFO spawned: 'speech_to_text' with pid 193
2022-12-03 16:32:18,165 INFO spawned: 'microphone' with pid 194
2022-12-03 16:32:18,170 INFO spawned: 'wake_word' with pid 195
2022-12-03 16:32:18,177 INFO spawned: 'intent_recognition' with pid 197
2022-12-03 16:32:18,184 INFO spawned: 'text_to_speech' with pid 198
2022-12-03 16:32:18,198 INFO spawned: 'speakers' with pid 202
2022-12-03 16:32:19,201 INFO success: dialogue entered RUNNING state, process has stayed up for > than 1 seconds (startsecs)
2022-12-03 16:32:19,202 INFO success: speech_to_text entered RUNNING state, process has stayed up for > than 1 seconds (startsecs)
2022-12-03 16:32:19,203 INFO success: microphone entered RUNNING state, process has stayed up for > than 1 seconds (startsecs)
2022-12-03 16:32:19,203 INFO success: wake_word entered RUNNING state, process has stayed up for > than 1 seconds (startsecs)
2022-12-03 16:32:19,203 INFO success: intent_recognition entered RUNNING state, process has stayed up for > than 1 seconds (startsecs)
2022-12-03 16:32:19,203 INFO success: text_to_speech entered RUNNING state, process has stayed up for > than 1 seconds (startsecs)
2022-12-03 16:32:19,203 INFO success: speakers entered RUNNING state, process has stayed up for > than 1 seconds (startsecs)
